[0.008s] Invoking command in '/home/colmenasio/Personal/Proyects/Racing/aimai_test_env_beta/ros_pgks/build/example_nodes': CMAKE_PREFIX_PATH=${CMAKE_PREFIX_PATH}:/opt/ros/jazzy DEBUGINFOD_URLS=https://debuginfod.ubuntu.com /usr/bin/cmake --build /home/colmenasio/Personal/Proyects/Racing/aimai_test_env_beta/ros_pgks/build/example_nodes -- -j16 -l16
[0.063s] [ 50%] [32mBuilding CXX object CMakeFiles/waveDriver.dir/src/wave_driver.cpp.o[0m
[0.482s] In file included from [01m[K/home/colmenasio/Personal/Proyects/Racing/aimai_test_env_beta/ros_pgks/src/example_nodes/src/wave_driver.cpp:6[m[K:
[0.482s] [01m[K/home/colmenasio/Personal/Proyects/Racing/aimai_test_env_beta/common/shmem_channel/shmem_channel.hpp:123:1:[m[K [01;31m[Kerror: [m[Kdeclaration of â€˜[01m[Kshmem_channel<T>::shmem_channel(shmem_channel<T>&&) noexcept[m[Kâ€™ has a different exception specifier
[0.482s]   123 | [01;31m[Kshmem_channel<T>[m[K::shmem_channel(shmem_channel &&other) noexcept
[0.482s]       | [01;31m[K^~~~~~~~~~~~~~~~[m[K
[0.483s] [01m[K/home/colmenasio/Personal/Proyects/Racing/aimai_test_env_beta/common/shmem_channel/shmem_channel.hpp:40:5:[m[K [01;36m[Knote: [m[Kfrom previous declaration â€˜[01m[Kshmem_channel<T>::shmem_channel(shmem_channel<T>&&)[m[Kâ€™
[0.483s]    40 |     [01;36m[Kshmem_channel[m[K(shmem_channel &&other); // Got i hate move semantcis
[0.483s]       |     [01;36m[K^~~~~~~~~~~~~[m[K
[2.109s] [01m[K/home/colmenasio/Personal/Proyects/Racing/aimai_test_env_beta/ros_pgks/src/example_nodes/src/wave_driver.cpp:[m[K In constructor â€˜[01m[KWaveDriver::[01;32m[KWaveDriver[m[K()[m[Kâ€™:
[2.109s] [01m[K/home/colmenasio/Personal/Proyects/Racing/aimai_test_env_beta/ros_pgks/src/example_nodes/src/wave_driver.cpp:29:123:[m[K [01;31m[Kerror: [m[Kuse of deleted function â€˜[01m[Kconstexpr shmem_channel<common_structs::RRCAR_COMMAND>& shmem_channel<common_structs::RRCAR_COMMAND>::[01;32m[Koperator=[m[K(const shmem_channel<common_structs::RRCAR_COMMAND>&)[m[Kâ€™
[2.109s]    29 | nel<common_structs::RRCAR_COMMAND>(RRC_COMMAND_SHMEM_CHANNEL, SHMEM_RIGHTS::READ[01;31m[K)[m[K;
[2.109s]       |                                                                                 [01;31m[K^[m[K
[2.109s] 
[2.109s] [01m[K/home/colmenasio/Personal/Proyects/Racing/aimai_test_env_beta/common/shmem_channel/shmem_channel.hpp:29:7:[m[K [01;36m[Knote: [m[Kâ€˜[01m[Kconstexpr shmem_channel<common_structs::RRCAR_COMMAND>& shmem_channel<common_structs::RRCAR_COMMAND>::[01;32m[Koperator=[m[K(const shmem_channel<common_structs::RRCAR_COMMAND>&)[m[Kâ€™ is implicitly declared as deleted because â€˜[01m[Kshmem_channel<common_structs::RRCAR_COMMAND>[m[Kâ€™ declares a move constructor or move assignment operator
[2.109s]    29 | class [01;36m[Kshmem_channel[m[K
[2.110s]       |       [01;36m[K^~~~~~~~~~~~~[m[K
[2.760s] gmake[2]: *** [CMakeFiles/waveDriver.dir/build.make:76: CMakeFiles/waveDriver.dir/src/wave_driver.cpp.o] Error 1
[2.760s] gmake[1]: *** [CMakeFiles/Makefile2:137: CMakeFiles/waveDriver.dir/all] Error 2
[2.760s] gmake: *** [Makefile:146: all] Error 2
[2.763s] Invoked command in '/home/colmenasio/Personal/Proyects/Racing/aimai_test_env_beta/ros_pgks/build/example_nodes' returned '2': CMAKE_PREFIX_PATH=${CMAKE_PREFIX_PATH}:/opt/ros/jazzy DEBUGINFOD_URLS=https://debuginfod.ubuntu.com /usr/bin/cmake --build /home/colmenasio/Personal/Proyects/Racing/aimai_test_env_beta/ros_pgks/build/example_nodes -- -j16 -l16
