-- Found ament_cmake: 2.5.2 (/opt/ros/jazzy/share/ament_cmake/cmake)
-- Found rosidl_default_generators: 1.6.0 (/opt/ros/jazzy/share/rosidl_default_generators/cmake)
-- Using all available rosidl_typesupport_c: rosidl_typesupport_fastrtps_c;rosidl_typesupport_introspection_c
-- Using all available rosidl_typesupport_cpp: rosidl_typesupport_fastrtps_cpp;rosidl_typesupport_introspection_cpp
-- Found rosidl_adapter: 4.6.4 (/opt/ros/jazzy/share/rosidl_adapter/cmake)
-- Found ament_lint_auto: 0.17.1 (/opt/ros/jazzy/share/ament_lint_auto/cmake)
[31mCMake Error at /opt/ros/jazzy/share/rosidl_adapter/cmake/rosidl_adapt_interfaces.cmake:57 (message):
  execute_process(/usr/bin/python3 -m rosidl_adapter --package-name
  godot_interfaces --arguments-file
  /home/colmenasio/Personal/Proyects/Racing/aimai_test_env_beta/ros_pgks/build/godot_interfaces/rosidl_adapter__arguments__godot_interfaces.json
  --output-dir
  /home/colmenasio/Personal/Proyects/Racing/aimai_test_env_beta/ros_pgks/build/godot_interfaces/rosidl_adapter/godot_interfaces
  --output-file
  /home/colmenasio/Personal/Proyects/Racing/aimai_test_env_beta/ros_pgks/build/godot_interfaces/rosidl_adapter/godot_interfaces.idls)
  returned error code 1:

  Error processing 'float64 steer // Counter-clockwise horizontal rotation
  with origin in the z-axis in radians' of 'godot_interfaces/RRCCommand':
  'value '// Counter-clockwise horizontal rotation with origin in the z-axis
  in radians' can not be converted to type 'float64': must be a floating
  point number using '.' as the separator'

  Traceback (most recent call last):

    File "/opt/ros/jazzy/lib/python3.12/site-packages/rosidl_adapter/parser.py", line 730, in parse_primitive_value_string
      return float(value_string)
             ^^^^^^^^^^^^^^^^^^^

  ValueError: could not convert string to float: '// Counter-clockwise
  horizontal rotation with origin in the z-axis in radians'



  During handling of the above exception, another exception occurred:



  Traceback (most recent call last):

    File "<frozen runpy>", line 198, in _run_module_as_main
    File "<frozen runpy>", line 88, in _run_code
    File "/opt/ros/jazzy/lib/python3.12/site-packages/rosidl_adapter/__main__.py", line 19, in <module>
      sys.exit(main())
               ^^^^^^
    File "/opt/ros/jazzy/lib/python3.12/site-packages/rosidl_adapter/main.py", line 53, in main
      abs_idl_file = convert_to_idl(
                     ^^^^^^^^^^^^^^^
    File "/opt/ros/jazzy/lib/python3.12/site-packages/rosidl_adapter/__init__.py", line 19, in convert_to_idl
      return convert_msg_to_idl(
             ^^^^^^^^^^^^^^^^^^^
    File "/opt/ros/jazzy/lib/python3.12/site-packages/rosidl_adapter/msg/__init__.py", line 28, in convert_msg_to_idl
      msg = parse_message_string(package_name, input_file.stem, content)
            ^^^^^^^^^^^^^^^^^^^^^^^^^^^^^^^^^^^^^^^^^^^^^^^^^^^^^^^^^^^^
    File "/opt/ros/jazzy/lib/python3.12/site-packages/rosidl_adapter/parser.py", line 520, in parse_message_string
      fields.append(Field(
                    ^^^^^^
    File "/opt/ros/jazzy/lib/python3.12/site-packages/rosidl_adapter/parser.py", line 362, in __init__
      self.default_value = parse_value_string(
                           ^^^^^^^^^^^^^^^^^^^
    File "/opt/ros/jazzy/lib/python3.12/site-packages/rosidl_adapter/parser.py", line 595, in parse_value_string
      return parse_primitive_value_string(type_, value_string)
             ^^^^^^^^^^^^^^^^^^^^^^^^^^^^^^^^^^^^^^^^^^^^^^^^^
    File "/opt/ros/jazzy/lib/python3.12/site-packages/rosidl_adapter/parser.py", line 732, in parse_primitive_value_string
      raise InvalidValue(

  rosidl_adapter.parser.InvalidValue: value '// Counter-clockwise horizontal
  rotation with origin in the z-axis in radians' can not be converted to type
  'float64': must be a floating point number using '.' as the separator

Call Stack (most recent call first):
  /opt/ros/jazzy/share/rosidl_cmake/cmake/rosidl_generate_interfaces.cmake:132 (rosidl_adapt_interfaces)
  CMakeLists.txt:28 (rosidl_generate_interfaces)

[0m
-- Configuring incomplete, errors occurred!
