[0.009s] Invoking command in '/home/colmenasio/Personal/Proyects/Racing/aimai_test_env_beta/ros_pgks/build/example_nodes': CMAKE_PREFIX_PATH=${CMAKE_PREFIX_PATH}:/opt/ros/jazzy DEBUGINFOD_URLS=https://debuginfod.ubuntu.com /usr/bin/cmake --build /home/colmenasio/Personal/Proyects/Racing/aimai_test_env_beta/ros_pgks/build/example_nodes -- -j16 -l16
[0.063s] [ 50%] [32mBuilding CXX object CMakeFiles/waveDriver.dir/src/wave_driver.cpp.o[0m
[0.507s] In file included from [01m[K/home/colmenasio/Personal/Proyects/Racing/aimai_test_env_beta/ros_pgks/src/example_nodes/src/wave_driver.cpp:5[m[K:
[0.507s] [01m[K/home/colmenasio/Personal/Proyects/Racing/aimai_test_env_beta/common/shmem_channel/shmem_channel.hpp:[m[K In constructor â€˜[01m[Kshmem_channel<T>::[01;32m[Kshmem_channel[m[K(int, SHMEM_RIGHTS)[m[Kâ€™:
[0.507s] [01m[K/home/colmenasio/Personal/Proyects/Racing/aimai_test_env_beta/common/shmem_channel/shmem_channel.hpp:74:39:[m[K [01;31m[Kerror: [m[Kexpected primary-expression before â€˜[01m[K*[m[Kâ€™ token
[0.507s]    74 |     if (this->shm_key== (data_frame<T>[01;31m[K*[m[K))
[0.507s]       |                                       [01;31m[K^[m[K
[0.507s] [01m[K/home/colmenasio/Personal/Proyects/Racing/aimai_test_env_beta/common/shmem_channel/shmem_channel.hpp:74:40:[m[K [01;31m[Kerror: [m[Kexpected primary-expression before â€˜[01m[K)[m[Kâ€™ token
[0.507s]    74 |     if (this->shm_key== (data_frame<T>*[01;31m[K)[m[K)
[0.507s]       |                                        [01;31m[K^[m[K
[0.511s] [01m[K/home/colmenasio/Personal/Proyects/Racing/aimai_test_env_beta/common/shmem_channel/shmem_channel.hpp:110:9:[m[K [01;31m[Kerror: [m[Kâ€˜[01m[Kshmem_returned_id[m[Kâ€™ was not declared in this scope
[0.511s]   110 |     if ([01;31m[Kshmem_returned_id[m[K != -1) /* If creation succeded, it means it was just created and we need to initialize */
[0.511s]       |         [01;31m[K^~~~~~~~~~~~~~~~~[m[K
[2.925s] gmake[2]: *** [CMakeFiles/waveDriver.dir/build.make:76: CMakeFiles/waveDriver.dir/src/wave_driver.cpp.o] Error 1
[2.926s] gmake[1]: *** [CMakeFiles/Makefile2:137: CMakeFiles/waveDriver.dir/all] Error 2
[2.926s] gmake: *** [Makefile:146: all] Error 2
[2.928s] Invoked command in '/home/colmenasio/Personal/Proyects/Racing/aimai_test_env_beta/ros_pgks/build/example_nodes' returned '2': CMAKE_PREFIX_PATH=${CMAKE_PREFIX_PATH}:/opt/ros/jazzy DEBUGINFOD_URLS=https://debuginfod.ubuntu.com /usr/bin/cmake --build /home/colmenasio/Personal/Proyects/Racing/aimai_test_env_beta/ros_pgks/build/example_nodes -- -j16 -l16
