[ 50%] [32mBuilding CXX object CMakeFiles/waveDriver.dir/src/wave_driver.cpp.o[0m
In file included from [01m[K/home/colmenasio/Personal/Proyects/Racing/aimai_test_env_beta/ros_pgks/src/example_nodes/src/wave_driver.cpp:6[m[K:
[01m[K/home/colmenasio/Personal/Proyects/Racing/aimai_test_env_beta/common/shmem_channel/shmem_channel.hpp:[m[K In member function â€˜[01m[Kshmem_channel<T>& shmem_channel<T>::[01;32m[Koperator=[m[K(shmem_channel<T>&&)[m[Kâ€™:
[01m[K/home/colmenasio/Personal/Proyects/Racing/aimai_test_env_beta/common/shmem_channel/shmem_channel.hpp:140:28:[m[K [01;31m[Kerror: [m[Kâ€˜[01m[KIPC[m[Kâ€™ was not declared in this scope
  140 |             shmctl(shm_id, [01;31m[KIPC[m[K
      |                            [01;31m[K^~~[m[K
[01m[K/home/colmenasio/Personal/Proyects/Racing/aimai_test_env_beta/common/shmem_channel/shmem_channel.hpp:142:44:[m[K [01;31m[Kerror: [m[Kâ€˜[01m[K_RMID[m[Kâ€™ was not declared in this scope
  142 |         std::cout << "SHIT REACHED HERE 2";[01;31m[K_RMID[m[K, nullptr);
      |                                            [01;31m[K^~~~~[m[K
gmake[2]: *** [CMakeFiles/waveDriver.dir/build.make:76: CMakeFiles/waveDriver.dir/src/wave_driver.cpp.o] Error 1
gmake[1]: *** [CMakeFiles/Makefile2:137: CMakeFiles/waveDriver.dir/all] Error 2
gmake: *** [Makefile:146: all] Error 2
