[0.000000] (-) TimerEvent: {}
[0.000652] (-) JobUnselected: {'identifier': 'cpp_example_nodes'}
[0.000786] (godot_interfaces) JobQueued: {'identifier': 'godot_interfaces', 'dependencies': OrderedDict()}
[0.000833] (godot_interfaces) JobStarted: {'identifier': 'godot_interfaces'}
[0.013592] (godot_interfaces) JobProgress: {'identifier': 'godot_interfaces', 'progress': 'cmake'}
[0.014826] (godot_interfaces) Command: {'cmd': ['/usr/bin/cmake', '/home/colmenasio/Personal/Proyects/Racing/aimai_test_env_beta/ros_pgks/src/godot_interfaces', '-DCMAKE_INSTALL_PREFIX=/home/colmenasio/Personal/Proyects/Racing/aimai_test_env_beta/ros_pgks/install/godot_interfaces'], 'cwd': '/home/colmenasio/Personal/Proyects/Racing/aimai_test_env_beta/ros_pgks/build/godot_interfaces', 'env': OrderedDict({'LESSOPEN': '| /usr/bin/lesspipe %s', 'USER': 'colmenasio', 'XDG_SESSION_TYPE': 'x11', 'SHLVL': '1', 'LD_LIBRARY_PATH': '/opt/ros/jazzy/opt/rviz_ogre_vendor/lib:/opt/ros/jazzy/lib/x86_64-linux-gnu:/opt/ros/jazzy/opt/gz_math_vendor/lib:/opt/ros/jazzy/opt/gz_utils_vendor/lib:/opt/ros/jazzy/opt/gz_cmake_vendor/lib:/opt/ros/jazzy/lib', 'HOME': '/home/colmenasio', 'OLDPWD': '/home/colmenasio/Personal/Proyects/Racing/aimai_test_env_beta/ros_pgks/src', 'DESKTOP_SESSION': 'ubuntu', 'ROS_PYTHON_VERSION': '3', 'GNOME_SHELL_SESSION_MODE': 'ubuntu', 'GTK_MODULES': 'gail:atk-bridge', 'SYSTEMD_EXEC_PID': '2911', 'GSM_SKIP_SSH_AGENT_WORKAROUND': 'true', 'DBUS_SESSION_BUS_ADDRESS': 'unix:path=/run/user/1000/bus', 'COLORTERM': 'truecolor', 'GNOME_KEYRING_CONTROL': '/run/user/1000/keyring', 'DEBUGINFOD_URLS': 'https://debuginfod.ubuntu.com', 'COLCON_PREFIX_PATH': '/home/colmenasio/Personal/Proyects/Racing/aimai_test_env_beta/ros_pgks/install', 'ROS_DISTRO': 'jazzy', 'LOGNAME': 'colmenasio', '_': '/usr/bin/colcon', 'ROS_VERSION': '2', 'MEMORY_PRESSURE_WATCH': '/sys/fs/cgroup/user.slice/user-1000.slice/user@1000.service/session.slice/org.gnome.SettingsDaemon.MediaKeys.service/memory.pressure', 'XDG_SESSION_CLASS': 'user', 'USERNAME': 'colmenasio', 'TERM': 'xterm-256color', 'GNOME_DESKTOP_SESSION_ID': 'this-is-deprecated', 'WINDOWPATH': '2', 'PATH': '/opt/ros/jazzy/bin:/usr/local/sbin:/usr/local/bin:/usr/sbin:/usr/bin:/sbin:/bin:/usr/games:/usr/local/games:/snap/bin:/snap/bin', 'SESSION_MANAGER': 'local/vloncho-l:@/tmp/.ICE-unix/2668,unix/vloncho-l:/tmp/.ICE-unix/2668', 'XDG_MENU_PREFIX': 'gnome-', 'GNOME_TERMINAL_SCREEN': '/org/gnome/Terminal/screen/56b82a28_12b0_4d59_a872_fa830547380b', 'XDG_RUNTIME_DIR': '/run/user/1000', 'DISPLAY': ':1', 'LANG': 'en_US.UTF-8', 'XDG_CURRENT_DESKTOP': 'ubuntu:GNOME', 'XMODIFIERS': '@im=ibus', 'XDG_SESSION_DESKTOP': 'ubuntu', 'XAUTHORITY': '/run/user/1000/gdm/Xauthority', 'LS_COLORS': 'rs=0:di=01;34:ln=01;36:mh=00:pi=40;33:so=01;35:do=01;35:bd=40;33;01:cd=40;33;01:or=40;31;01:mi=00:su=37;41:sg=30;43:ca=00:tw=30;42:ow=34;42:st=37;44:ex=01;32:*.tar=01;31:*.tgz=01;31:*.arc=01;31:*.arj=01;31:*.taz=01;31:*.lha=01;31:*.lz4=01;31:*.lzh=01;31:*.lzma=01;31:*.tlz=01;31:*.txz=01;31:*.tzo=01;31:*.t7z=01;31:*.zip=01;31:*.z=01;31:*.dz=01;31:*.gz=01;31:*.lrz=01;31:*.lz=01;31:*.lzo=01;31:*.xz=01;31:*.zst=01;31:*.tzst=01;31:*.bz2=01;31:*.bz=01;31:*.tbz=01;31:*.tbz2=01;31:*.tz=01;31:*.deb=01;31:*.rpm=01;31:*.jar=01;31:*.war=01;31:*.ear=01;31:*.sar=01;31:*.rar=01;31:*.alz=01;31:*.ace=01;31:*.zoo=01;31:*.cpio=01;31:*.7z=01;31:*.rz=01;31:*.cab=01;31:*.wim=01;31:*.swm=01;31:*.dwm=01;31:*.esd=01;31:*.avif=01;35:*.jpg=01;35:*.jpeg=01;35:*.mjpg=01;35:*.mjpeg=01;35:*.gif=01;35:*.bmp=01;35:*.pbm=01;35:*.pgm=01;35:*.ppm=01;35:*.tga=01;35:*.xbm=01;35:*.xpm=01;35:*.tif=01;35:*.tiff=01;35:*.png=01;35:*.svg=01;35:*.svgz=01;35:*.mng=01;35:*.pcx=01;35:*.mov=01;35:*.mpg=01;35:*.mpeg=01;35:*.m2v=01;35:*.mkv=01;35:*.webm=01;35:*.webp=01;35:*.ogm=01;35:*.mp4=01;35:*.m4v=01;35:*.mp4v=01;35:*.vob=01;35:*.qt=01;35:*.nuv=01;35:*.wmv=01;35:*.asf=01;35:*.rm=01;35:*.rmvb=01;35:*.flc=01;35:*.avi=01;35:*.fli=01;35:*.flv=01;35:*.gl=01;35:*.dl=01;35:*.xcf=01;35:*.xwd=01;35:*.yuv=01;35:*.cgm=01;35:*.emf=01;35:*.ogv=01;35:*.ogx=01;35:*.aac=00;36:*.au=00;36:*.flac=00;36:*.m4a=00;36:*.mid=00;36:*.midi=00;36:*.mka=00;36:*.mp3=00;36:*.mpc=00;36:*.ogg=00;36:*.ra=00;36:*.wav=00;36:*.oga=00;36:*.opus=00;36:*.spx=00;36:*.xspf=00;36:*~=00;90:*#=00;90:*.bak=00;90:*.crdownload=00;90:*.dpkg-dist=00;90:*.dpkg-new=00;90:*.dpkg-old=00;90:*.dpkg-tmp=00;90:*.old=00;90:*.orig=00;90:*.part=00;90:*.rej=00;90:*.rpmnew=00;90:*.rpmorig=00;90:*.rpmsave=00;90:*.swp=00;90:*.tmp=00;90:*.ucf-dist=00;90:*.ucf-new=00;90:*.ucf-old=00;90:', 'GNOME_TERMINAL_SERVICE': ':1.97', 'SSH_AUTH_SOCK': '/run/user/1000/keyring/ssh', 'AMENT_PREFIX_PATH': '/home/colmenasio/Personal/Proyects/Racing/aimai_test_env_beta/ros_pgks/install/example_nodes:/home/colmenasio/Personal/Proyects/Racing/aimai_test_env_beta/ros_pgks/install/cpp_example_nodes:/opt/ros/jazzy', 'SHELL': '/bin/bash', 'QT_ACCESSIBILITY': '1', 'GDMSESSION': 'ubuntu', 'LESSCLOSE': '/usr/bin/lesspipe %s %s', 'GPG_AGENT_INFO': '/run/user/1000/gnupg/S.gpg-agent:0:1', 'ROS_AUTOMATIC_DISCOVERY_RANGE': 'SUBNET', 'QT_IM_MODULE': 'ibus', 'PWD': '/home/colmenasio/Personal/Proyects/Racing/aimai_test_env_beta/ros_pgks/build/godot_interfaces', 'XDG_CONFIG_DIRS': '/etc/xdg/xdg-ubuntu:/etc/xdg', 'XDG_DATA_DIRS': '/usr/share/ubuntu:/usr/share/gnome:/usr/local/share/:/usr/share/:/var/lib/snapd/desktop', 'PYTHONPATH': '/opt/ros/jazzy/lib/python3.12/site-packages', 'COLCON': '1', 'MEMORY_PRESSURE_WRITE': 'c29tZSAyMDAwMDAgMjAwMDAwMAA=', 'VTE_VERSION': '7600', 'CMAKE_PREFIX_PATH': '/home/colmenasio/Personal/Proyects/Racing/aimai_test_env_beta/ros_pgks/install/example_nodes:/home/colmenasio/Personal/Proyects/Racing/aimai_test_env_beta/ros_pgks/install/cpp_example_nodes:/opt/ros/jazzy/opt/gz_math_vendor:/opt/ros/jazzy/opt/gz_utils_vendor:/opt/ros/jazzy/opt/gz_cmake_vendor:/opt/ros/jazzy'}), 'shell': False}
[0.038808] (godot_interfaces) StdoutLine: {'line': b'-- Found ament_cmake: 2.5.2 (/opt/ros/jazzy/share/ament_cmake/cmake)\n'}
[0.099131] (-) TimerEvent: {}
[0.199487] (-) TimerEvent: {}
[0.299853] (-) TimerEvent: {}
[0.382978] (godot_interfaces) StdoutLine: {'line': b'-- Found rosidl_default_generators: 1.6.0 (/opt/ros/jazzy/share/rosidl_default_generators/cmake)\n'}
[0.387235] (godot_interfaces) StdoutLine: {'line': b'-- Using all available rosidl_typesupport_c: rosidl_typesupport_fastrtps_c;rosidl_typesupport_introspection_c\n'}
[0.399968] (-) TimerEvent: {}
[0.445693] (godot_interfaces) StdoutLine: {'line': b'-- Using all available rosidl_typesupport_cpp: rosidl_typesupport_fastrtps_cpp;rosidl_typesupport_introspection_cpp\n'}
[0.493748] (godot_interfaces) StdoutLine: {'line': b'-- Found rosidl_adapter: 4.6.4 (/opt/ros/jazzy/share/rosidl_adapter/cmake)\n'}
[0.496489] (godot_interfaces) StdoutLine: {'line': b'-- Found ament_lint_auto: 0.17.1 (/opt/ros/jazzy/share/ament_lint_auto/cmake)\n'}
[0.500073] (-) TimerEvent: {}
[0.600395] (-) TimerEvent: {}
[0.700750] (-) TimerEvent: {}
[0.801116] (-) TimerEvent: {}
[0.901457] (-) TimerEvent: {}
[1.001757] (-) TimerEvent: {}
[1.047863] (godot_interfaces) StderrLine: {'line': b'\x1b[31mCMake Error at /opt/ros/jazzy/share/rosidl_adapter/cmake/rosidl_adapt_interfaces.cmake:57 (message):\n'}
[1.048393] (godot_interfaces) StderrLine: {'line': b'  execute_process(/usr/bin/python3 -m rosidl_adapter --package-name\n'}
[1.048598] (godot_interfaces) StderrLine: {'line': b'  godot_interfaces --arguments-file\n'}
[1.048727] (godot_interfaces) StderrLine: {'line': b'  /home/colmenasio/Personal/Proyects/Racing/aimai_test_env_beta/ros_pgks/build/godot_interfaces/rosidl_adapter__arguments__godot_interfaces.json\n'}
[1.048860] (godot_interfaces) StderrLine: {'line': b'  --output-dir\n'}
[1.048983] (godot_interfaces) StderrLine: {'line': b'  /home/colmenasio/Personal/Proyects/Racing/aimai_test_env_beta/ros_pgks/build/godot_interfaces/rosidl_adapter/godot_interfaces\n'}
[1.049084] (godot_interfaces) StderrLine: {'line': b'  --output-file\n'}
[1.049181] (godot_interfaces) StderrLine: {'line': b'  /home/colmenasio/Personal/Proyects/Racing/aimai_test_env_beta/ros_pgks/build/godot_interfaces/rosidl_adapter/godot_interfaces.idls)\n'}
[1.049272] (godot_interfaces) StderrLine: {'line': b'  returned error code 1:\n'}
[1.049420] (godot_interfaces) StderrLine: {'line': b'\n'}
[1.049520] (godot_interfaces) StderrLine: {'line': b"  Error processing 'float64 steer // Counter-clockwise horizontal rotation\n"}
[1.049615] (godot_interfaces) StderrLine: {'line': b"  with origin in the z-axis in radians' of 'godot_interfaces/RRCCommand':\n"}
[1.049726] (godot_interfaces) StderrLine: {'line': b"  'value '// Counter-clockwise horizontal rotation with origin in the z-axis\n"}
[1.049816] (godot_interfaces) StderrLine: {'line': b"  in radians' can not be converted to type 'float64': must be a floating\n"}
[1.049907] (godot_interfaces) StderrLine: {'line': b"  point number using '.' as the separator'\n"}
[1.049996] (godot_interfaces) StderrLine: {'line': b'\n'}
[1.050086] (godot_interfaces) StderrLine: {'line': b'  Traceback (most recent call last):\n'}
[1.050183] (godot_interfaces) StderrLine: {'line': b'\n'}
[1.050273] (godot_interfaces) StderrLine: {'line': b'    File "/opt/ros/jazzy/lib/python3.12/site-packages/rosidl_adapter/parser.py", line 730, in parse_primitive_value_string\n'}
[1.050399] (godot_interfaces) StderrLine: {'line': b'      return float(value_string)\n'}
[1.050495] (godot_interfaces) StderrLine: {'line': b'             ^^^^^^^^^^^^^^^^^^^\n'}
[1.050591] (godot_interfaces) StderrLine: {'line': b'\n'}
[1.050685] (godot_interfaces) StderrLine: {'line': b"  ValueError: could not convert string to float: '// Counter-clockwise\n"}
[1.050795] (godot_interfaces) StderrLine: {'line': b"  horizontal rotation with origin in the z-axis in radians'\n"}
[1.050885] (godot_interfaces) StderrLine: {'line': b'\n'}
[1.050974] (godot_interfaces) StderrLine: {'line': b'\n'}
[1.051061] (godot_interfaces) StderrLine: {'line': b'\n'}
[1.051149] (godot_interfaces) StderrLine: {'line': b'  During handling of the above exception, another exception occurred:\n'}
[1.051237] (godot_interfaces) StderrLine: {'line': b'\n'}
[1.051394] (godot_interfaces) StderrLine: {'line': b'\n'}
[1.051495] (godot_interfaces) StderrLine: {'line': b'\n'}
[1.051586] (godot_interfaces) StderrLine: {'line': b'  Traceback (most recent call last):\n'}
[1.051675] (godot_interfaces) StderrLine: {'line': b'\n'}
[1.051763] (godot_interfaces) StderrLine: {'line': b'    File "<frozen runpy>", line 198, in _run_module_as_main\n'}
[1.051861] (godot_interfaces) StderrLine: {'line': b'    File "<frozen runpy>", line 88, in _run_code\n'}
[1.051947] (godot_interfaces) StderrLine: {'line': b'    File "/opt/ros/jazzy/lib/python3.12/site-packages/rosidl_adapter/__main__.py", line 19, in <module>\n'}
[1.052037] (godot_interfaces) StderrLine: {'line': b'      sys.exit(main())\n'}
[1.052126] (godot_interfaces) StderrLine: {'line': b'               ^^^^^^\n'}
[1.052232] (godot_interfaces) StderrLine: {'line': b'    File "/opt/ros/jazzy/lib/python3.12/site-packages/rosidl_adapter/main.py", line 53, in main\n'}
[1.052369] (godot_interfaces) StderrLine: {'line': b'      abs_idl_file = convert_to_idl(\n'}
[1.052482] (godot_interfaces) StderrLine: {'line': b'                     ^^^^^^^^^^^^^^^\n'}
[1.052601] (godot_interfaces) StderrLine: {'line': b'    File "/opt/ros/jazzy/lib/python3.12/site-packages/rosidl_adapter/__init__.py", line 19, in convert_to_idl\n'}
[1.052690] (godot_interfaces) StderrLine: {'line': b'      return convert_msg_to_idl(\n'}
[1.052781] (godot_interfaces) StderrLine: {'line': b'             ^^^^^^^^^^^^^^^^^^^\n'}
[1.052869] (godot_interfaces) StderrLine: {'line': b'    File "/opt/ros/jazzy/lib/python3.12/site-packages/rosidl_adapter/msg/__init__.py", line 28, in convert_msg_to_idl\n'}
[1.052971] (godot_interfaces) StderrLine: {'line': b'      msg = parse_message_string(package_name, input_file.stem, content)\n'}
[1.053061] (godot_interfaces) StderrLine: {'line': b'            ^^^^^^^^^^^^^^^^^^^^^^^^^^^^^^^^^^^^^^^^^^^^^^^^^^^^^^^^^^^^\n'}
[1.053148] (godot_interfaces) StderrLine: {'line': b'    File "/opt/ros/jazzy/lib/python3.12/site-packages/rosidl_adapter/parser.py", line 520, in parse_message_string\n'}
[1.053234] (godot_interfaces) StderrLine: {'line': b'      fields.append(Field(\n'}
[1.053393] (godot_interfaces) StderrLine: {'line': b'                    ^^^^^^\n'}
[1.053491] (godot_interfaces) StderrLine: {'line': b'    File "/opt/ros/jazzy/lib/python3.12/site-packages/rosidl_adapter/parser.py", line 362, in __init__\n'}
[1.053620] (godot_interfaces) StderrLine: {'line': b'      self.default_value = parse_value_string(\n'}
[1.053716] (godot_interfaces) StderrLine: {'line': b'                           ^^^^^^^^^^^^^^^^^^^\n'}
[1.053815] (godot_interfaces) StderrLine: {'line': b'    File "/opt/ros/jazzy/lib/python3.12/site-packages/rosidl_adapter/parser.py", line 595, in parse_value_string\n'}
[1.053905] (godot_interfaces) StderrLine: {'line': b'      return parse_primitive_value_string(type_, value_string)\n'}
[1.054010] (godot_interfaces) StderrLine: {'line': b'             ^^^^^^^^^^^^^^^^^^^^^^^^^^^^^^^^^^^^^^^^^^^^^^^^^\n'}
[1.054118] (godot_interfaces) StderrLine: {'line': b'    File "/opt/ros/jazzy/lib/python3.12/site-packages/rosidl_adapter/parser.py", line 732, in parse_primitive_value_string\n'}
[1.054206] (godot_interfaces) StderrLine: {'line': b'      raise InvalidValue(\n'}
[1.054308] (godot_interfaces) StderrLine: {'line': b'\n'}
[1.054438] (godot_interfaces) StderrLine: {'line': b"  rosidl_adapter.parser.InvalidValue: value '// Counter-clockwise horizontal\n"}
[1.054556] (godot_interfaces) StderrLine: {'line': b"  rotation with origin in the z-axis in radians' can not be converted to type\n"}
[1.054649] (godot_interfaces) StderrLine: {'line': b"  'float64': must be a floating point number using '.' as the separator\n"}
[1.054739] (godot_interfaces) StderrLine: {'line': b'\n'}
[1.054829] (godot_interfaces) StderrLine: {'line': b'Call Stack (most recent call first):\n'}
[1.054919] (godot_interfaces) StderrLine: {'line': b'  /opt/ros/jazzy/share/rosidl_cmake/cmake/rosidl_generate_interfaces.cmake:132 (rosidl_adapt_interfaces)\n'}
[1.055010] (godot_interfaces) StderrLine: {'line': b'  CMakeLists.txt:28 (rosidl_generate_interfaces)\n'}
[1.055098] (godot_interfaces) StderrLine: {'line': b'\n'}
[1.055202] (godot_interfaces) StderrLine: {'line': b'\x1b[0m\n'}
[1.055299] (godot_interfaces) StdoutLine: {'line': b'-- Configuring incomplete, errors occurred!\n'}
[1.057500] (godot_interfaces) CommandEnded: {'returncode': 1}
[1.089507] (godot_interfaces) JobEnded: {'identifier': 'godot_interfaces', 'rc': 1}
[1.100350] (-) EventReactorShutdown: {}
