In file included from [01m[K/home/colmenasio/Personal/Proyects/Racing/aimai_test_env_beta/ros_pgks/src/example_nodes/src/wave_driver.cpp:6[m[K:
[01m[K/home/colmenasio/Personal/Proyects/Racing/aimai_test_env_beta/common/shmem_channel/shmem_channel.hpp:[m[K In member function â€˜[01m[Kshmem_channel<T>& shmem_channel<T>::[01;32m[Koperator=[m[K(shmem_channel<T>&&)[m[Kâ€™:
[01m[K/home/colmenasio/Personal/Proyects/Racing/aimai_test_env_beta/common/shmem_channel/shmem_channel.hpp:139:47:[m[K [01;31m[Kerror: [m[Kexpected â€˜[01m[K;[m[Kâ€™ before â€˜[01m[Kshmctl[m[Kâ€™
  139 |             std::cout << "SHIT REACHED HERE 1"
      |                                               [01;31m[K^[m[K
      |                                               [32m[K;[m[K
  140 |             [32m[Kshmctl[m[K(shm_id, IPC_RMID, nullptr);
      |             [32m[K~~~~~~[m[K                             
[01m[K/home/colmenasio/Personal/Proyects/Racing/aimai_test_env_beta/common/shmem_channel/shmem_channel.hpp:142:43:[m[K [01;31m[Kerror: [m[Kexpected â€˜[01m[K;[m[Kâ€™ before â€˜[01m[Kthis[m[Kâ€™
  142 |         std::cout << "SHIT REACHED HERE 1"
      |                                           [01;31m[K^[m[K
      |                                           [32m[K;[m[K
  143 |         // Move ownership
  144 |         [32m[Kthis[m[K->shm_key = other.shm_key;
      |         [32m[K~~~~[m[K                               
gmake[2]: *** [CMakeFiles/waveDriver.dir/build.make:76: CMakeFiles/waveDriver.dir/src/wave_driver.cpp.o] Error 1
gmake[1]: *** [CMakeFiles/Makefile2:137: CMakeFiles/waveDriver.dir/all] Error 2
gmake: *** [Makefile:146: all] Error 2
