[0.009s] Invoking command in '/home/colmenasio/Personal/Proyects/Racing/aimai_test_env_beta/ros_pgks/build/example_nodes': CMAKE_PREFIX_PATH=${CMAKE_PREFIX_PATH}:/opt/ros/jazzy DEBUGINFOD_URLS=https://debuginfod.ubuntu.com /usr/bin/cmake --build /home/colmenasio/Personal/Proyects/Racing/aimai_test_env_beta/ros_pgks/build/example_nodes -- -j16 -l16
[0.063s] [ 50%] [32mBuilding CXX object CMakeFiles/waveDriver.dir/src/wave_driver.cpp.o[0m
[0.489s] In file included from [01m[K/home/colmenasio/Personal/Proyects/Racing/aimai_test_env_beta/ros_pgks/src/example_nodes/src/wave_driver.cpp:6[m[K:
[0.489s] [01m[K/home/colmenasio/Personal/Proyects/Racing/aimai_test_env_beta/common/shmem_channel/shmem_channel.hpp:[m[K In member function â€˜[01m[Kshmem_channel<T>& shmem_channel<T>::[01;32m[Koperator=[m[K(shmem_channel<T>&&)[m[Kâ€™:
[0.489s] [01m[K/home/colmenasio/Personal/Proyects/Racing/aimai_test_env_beta/common/shmem_channel/shmem_channel.hpp:139:47:[m[K [01;31m[Kerror: [m[Kexpected â€˜[01m[K;[m[Kâ€™ before â€˜[01m[Kshmctl[m[Kâ€™
[0.489s]   139 |             std::cout << "SHIT REACHED HERE 1"
[0.489s]       |                                               [01;31m[K^[m[K
[0.489s]       |                                               [32m[K;[m[K
[0.489s]   140 |             [32m[Kshmctl[m[K(shm_id, IPC_RMID, nullptr);
[0.489s]       |             [32m[K~~~~~~[m[K                             
[0.489s] [01m[K/home/colmenasio/Personal/Proyects/Racing/aimai_test_env_beta/common/shmem_channel/shmem_channel.hpp:142:43:[m[K [01;31m[Kerror: [m[Kexpected â€˜[01m[K;[m[Kâ€™ before â€˜[01m[Kthis[m[Kâ€™
[0.490s]   142 |         std::cout << "SHIT REACHED HERE 1"
[0.490s]       |                                           [01;31m[K^[m[K
[0.490s]       |                                           [32m[K;[m[K
[0.490s]   143 |         // Move ownership
[0.490s]   144 |         [32m[Kthis[m[K->shm_key = other.shm_key;
[0.490s]       |         [32m[K~~~~[m[K                               
[2.749s] gmake[2]: *** [CMakeFiles/waveDriver.dir/build.make:76: CMakeFiles/waveDriver.dir/src/wave_driver.cpp.o] Error 1
[2.749s] gmake[1]: *** [CMakeFiles/Makefile2:137: CMakeFiles/waveDriver.dir/all] Error 2
[2.749s] gmake: *** [Makefile:146: all] Error 2
[2.752s] Invoked command in '/home/colmenasio/Personal/Proyects/Racing/aimai_test_env_beta/ros_pgks/build/example_nodes' returned '2': CMAKE_PREFIX_PATH=${CMAKE_PREFIX_PATH}:/opt/ros/jazzy DEBUGINFOD_URLS=https://debuginfod.ubuntu.com /usr/bin/cmake --build /home/colmenasio/Personal/Proyects/Racing/aimai_test_env_beta/ros_pgks/build/example_nodes -- -j16 -l16
