In file included from [01m[K/home/colmenasio/Personal/Proyects/Racing/aimai_test_env_beta/ros_pgks/src/example_nodes/src/wave_driver.cpp:6[m[K:
[01m[K/home/colmenasio/Personal/Proyects/Racing/aimai_test_env_beta/common/shmem_channel/shmem_channel.hpp:[m[K In destructor â€˜[01m[Kshmem_channel<T>::[01;32m[K~shmem_channel[m[K()[m[Kâ€™:
[01m[K/home/colmenasio/Personal/Proyects/Racing/aimai_test_env_beta/common/shmem_channel/shmem_channel.hpp:156:30:[m[K [01;31m[Kerror: [m[Kexpected â€˜[01m[K;[m[Kâ€™ before â€˜[01m[K}[m[Kâ€™ token
  156 |         shmdt(this->shm_data)
      |                              [01;31m[K^[m[K
      |                              [32m[K;[m[K
  157 |     [32m[K}[m[K
      |     [32m[K~[m[K                         
gmake[2]: *** [CMakeFiles/waveDriver.dir/build.make:76: CMakeFiles/waveDriver.dir/src/wave_driver.cpp.o] Error 1
gmake[1]: *** [CMakeFiles/Makefile2:137: CMakeFiles/waveDriver.dir/all] Error 2
gmake: *** [Makefile:146: all] Error 2
