[0.009s] Invoking command in '/home/colmenasio/Personal/Proyects/Racing/aimai_test_env_beta/ros_pgks/build/example_nodes': CMAKE_PREFIX_PATH=${CMAKE_PREFIX_PATH}:/opt/ros/jazzy DEBUGINFOD_URLS=https://debuginfod.ubuntu.com /usr/bin/cmake --build /home/colmenasio/Personal/Proyects/Racing/aimai_test_env_beta/ros_pgks/build/example_nodes -- -j16 -l16
[0.063s] [ 50%] [32mBuilding CXX object CMakeFiles/waveDriver.dir/src/wave_driver.cpp.o[0m
[0.495s] In file included from [01m[K/home/colmenasio/Personal/Proyects/Racing/aimai_test_env_beta/ros_pgks/src/example_nodes/src/wave_driver.cpp:6[m[K:
[0.495s] [01m[K/home/colmenasio/Personal/Proyects/Racing/aimai_test_env_beta/common/shmem_channel/shmem_channel.hpp:[m[K In destructor â€˜[01m[Kshmem_channel<T>::[01;32m[K~shmem_channel[m[K()[m[Kâ€™:
[0.495s] [01m[K/home/colmenasio/Personal/Proyects/Racing/aimai_test_env_beta/common/shmem_channel/shmem_channel.hpp:156:30:[m[K [01;31m[Kerror: [m[Kexpected â€˜[01m[K;[m[Kâ€™ before â€˜[01m[K}[m[Kâ€™ token
[0.495s]   156 |         shmdt(this->shm_data)
[0.495s]       |                              [01;31m[K^[m[K
[0.495s]       |                              [32m[K;[m[K
[0.495s]   157 |     [32m[K}[m[K
[0.495s]       |     [32m[K~[m[K                         
[2.750s] gmake[2]: *** [CMakeFiles/waveDriver.dir/build.make:76: CMakeFiles/waveDriver.dir/src/wave_driver.cpp.o] Error 1
[2.751s] gmake[1]: *** [CMakeFiles/Makefile2:137: CMakeFiles/waveDriver.dir/all] Error 2
[2.751s] gmake: *** [Makefile:146: all] Error 2
[2.753s] Invoked command in '/home/colmenasio/Personal/Proyects/Racing/aimai_test_env_beta/ros_pgks/build/example_nodes' returned '2': CMAKE_PREFIX_PATH=${CMAKE_PREFIX_PATH}:/opt/ros/jazzy DEBUGINFOD_URLS=https://debuginfod.ubuntu.com /usr/bin/cmake --build /home/colmenasio/Personal/Proyects/Racing/aimai_test_env_beta/ros_pgks/build/example_nodes -- -j16 -l16
