[0.008s] Invoking command in '/home/colmenasio/Personal/Proyects/Racing/aimai_test_env_beta/ros_pgks/build/example_nodes': CMAKE_PREFIX_PATH=${CMAKE_PREFIX_PATH}:/opt/ros/jazzy DEBUGINFOD_URLS=https://debuginfod.ubuntu.com /usr/bin/cmake --build /home/colmenasio/Personal/Proyects/Racing/aimai_test_env_beta/ros_pgks/build/example_nodes -- -j16 -l16
[0.063s] [ 50%] [32mBuilding CXX object CMakeFiles/waveDriver.dir/src/wave_driver.cpp.o[0m
[0.491s] In file included from [01m[K/home/colmenasio/Personal/Proyects/Racing/aimai_test_env_beta/ros_pgks/src/example_nodes/src/wave_driver.cpp:6[m[K:
[0.491s] [01m[K/home/colmenasio/Personal/Proyects/Racing/aimai_test_env_beta/common/shmem_channel/shmem_channel.hpp:[m[K In constructor â€˜[01m[Kshmem_channel<T>::[01;32m[Kshmem_channel[m[K(shmem_channel<T>&&)[m[Kâ€™:
[0.492s] [01m[K/home/colmenasio/Personal/Proyects/Racing/aimai_test_env_beta/common/shmem_channel/shmem_channel.hpp:124:111:[m[K [01;31m[Kerror: [m[Kexpected â€˜[01m[K{[m[Kâ€™ before â€˜[01m[Kshm_data[m[Kâ€™
[0.492s]   124 | hannel &&other) noexcept: shm_key(other.shm_key), shm_id(other.shm_id) [01;31m[Kshm_data[m[K(other.shm_data), mode(other.mode)
[0.492s]       |                                                                        [01;31m[K^~~~~~~~[m[K
[0.492s] 
[0.492s] [01m[K/home/colmenasio/Personal/Proyects/Racing/aimai_test_env_beta/common/shmem_channel/shmem_channel.hpp:[m[K At global scope:
[0.492s] [01m[K/home/colmenasio/Personal/Proyects/Racing/aimai_test_env_beta/common/shmem_channel/shmem_channel.hpp:124:119:[m[K [01;31m[Kerror: [m[Kexpected constructor, destructor, or type conversion before â€˜[01m[K([m[Kâ€™ token
[0.492s]   124 | &other) noexcept: shm_key(other.shm_key), shm_id(other.shm_id) shm_data[01;31m[K([m[Kother.shm_data), mode(other.mode)
[0.492s]       |                                                                        [01;31m[K^[m[K
[0.492s] 
[2.772s] gmake[2]: *** [CMakeFiles/waveDriver.dir/build.make:76: CMakeFiles/waveDriver.dir/src/wave_driver.cpp.o] Error 1
[2.772s] gmake[1]: *** [CMakeFiles/Makefile2:137: CMakeFiles/waveDriver.dir/all] Error 2
[2.772s] gmake: *** [Makefile:146: all] Error 2
[2.774s] Invoked command in '/home/colmenasio/Personal/Proyects/Racing/aimai_test_env_beta/ros_pgks/build/example_nodes' returned '2': CMAKE_PREFIX_PATH=${CMAKE_PREFIX_PATH}:/opt/ros/jazzy DEBUGINFOD_URLS=https://debuginfod.ubuntu.com /usr/bin/cmake --build /home/colmenasio/Personal/Proyects/Racing/aimai_test_env_beta/ros_pgks/build/example_nodes -- -j16 -l16
